
[13-Nov-2024 19:54:50 UTC] Raw input: {"username":"violetta","email":"test@mail.com","password":"1234","password_r":"1234"}
[13-Nov-2024 19:54:52 UTC] Raw input: {"username":"violetta","email":"test@mail.com","password":"1234","password_r":"1234"}
[13-Nov-2024 19:55:42 UTC] Raw input: {"username":"violetta","email":"test@mail.com","password":"1234","password_r":"1234"}
[13-Nov-2024 19:56:28 UTC] Raw input: {"username":"gavno","email":"gavno@mail.com","password":"1234","password_r":"1234"}
[13-Nov-2024 20:03:25 UTC] Raw input: {"username":"gavno","email":"gavno@mail.com","password":"1234","password_r":"1234"}
[13-Nov-2024 20:03:32 UTC] Raw input: 
[13-Nov-2024 20:06:35 UTC] Raw input: {"username":"gavno123","email":"gavno123@mail.com","password":"1234","password_r":"1234"}
[13-Nov-2024 20:07:31 UTC] Raw input: {"username":"gavno123","email":"gavno123@mail.com","password":"1234","password_r":"1234"}
[13-Nov-2024 20:08:33 UTC] Raw input: {"username":"gavno123","email":"gavno123@mail.com","password":"1234","password_r":"1234"}
[13-Nov-2024 20:25:50 UTC] Raw input: {"username":"1@mail.ru","email":"1@mail.ru","password":"1234","password_r":"1234"}
[13-Nov-2024 20:26:08 UTC] Raw input: 
[13-Nov-2024 20:29:06 UTC] Raw input: {"username":"11@mail.ru","email":"11@mail.ru","password":"1234","password_r":"1234"}
[13-Nov-2024 21:00:44 UTC] Raw input: {"username":"gavno123","password":"1234"}
[13-Nov-2024 21:05:07 UTC] Raw input: {"username":"gavno123","password":"1234"}
[13-Nov-2024 21:09:47 UTC] Raw input: {"username":"gavno123","password":"1234"}
[13-Nov-2024 21:10:24 UTC] Raw input: {"username":"11@mail.ru","password":"1234"}
[13-Nov-2024 21:17:41 UTC] Raw input: {"username":"11@mail.ru","password":"1234"}
[13-Nov-2024 21:17:44 UTC] Raw input: 
[13-Nov-2024 21:17:45 UTC] Raw input: 
[13-Nov-2024 21:17:46 UTC] Raw input: 
[13-Nov-2024 21:19:24 UTC] Raw input: {"username":"gavno123","password":"1234"}
[13-Nov-2024 21:19:57 UTC] Raw input: {"username":"gavno123","password":"gavno123"}
[13-Nov-2024 21:20:08 UTC] Raw input: {"username":"gavno123","password":"gavno123"}
[13-Nov-2024 21:22:12 UTC] Raw input: {"username":"gavno123","password":"1234"}
[13-Nov-2024 21:26:00 UTC] Raw input: {"username":"vilka","email":"","password":"","password_r":""}
[13-Nov-2024 21:26:13 UTC] Raw input: {"username":"vilka","email":"violettacernyseva61@gmail.com","password":"1234","password_r":"1234"}
[13-Nov-2024 21:26:38 UTC] Raw input: {"username":"vilka","password":"1234"}
[13-Nov-2024 21:26:39 UTC] Raw input: {"username":"vilka","password":"1234"}
[13-Nov-2024 21:27:00 UTC] Raw input: {"username":"vilka","password":"1234"}
[13-Nov-2024 21:27:32 UTC] Raw input: {"username":"vilka","password":"1234"}
[13-Nov-2024 21:27:32 UTC] Raw input: {"username":"vilka","password":"1234"}
[13-Nov-2024 21:27:33 UTC] Raw input: {"username":"vilka","password":"1234"}
[13-Nov-2024 21:27:33 UTC] Raw input: {"username":"vilka","password":"1234"}
[13-Nov-2024 21:27:33 UTC] Raw input: {"username":"vilka","password":"1234"}
[13-Nov-2024 21:27:34 UTC] Raw input: {"username":"vilka","password":"1234"}
[13-Nov-2024 21:27:39 UTC] Raw input: 
[13-Nov-2024 21:28:33 UTC] Raw input: {"username":"vilka","password":"1234"}
[13-Nov-2024 21:29:39 UTC] Raw input: {"username":"vilka","password":"1234"}
[13-Nov-2024 21:42:21 UTC] Raw input: {"username":"vilka","password":"1234"}
[13-Nov-2024 21:51:10 UTC] Raw input: {"username":"vilka","password":"1234"}
[13-Nov-2024 21:54:29 UTC] Raw input: {"username":"vilka","password":"1234"}
[14-Nov-2024 09:46:03 UTC] Raw input: {"username":"vilka","password":"1234"}
[14-Nov-2024 10:12:57 UTC] Raw input: {"username":"vilka","password":"1234"}
[14-Nov-2024 10:25:32 UTC] Raw input: {"username":"vilka","password":"1234"}
[14-Nov-2024 13:35:58 UTC] PHP Warning:  Undefined array key "Authorization" in /Applications/MAMP/htdocs/vilkalozhka-api/actions/user/getUserInfo.php on line 21
[14-Nov-2024 13:35:58 UTC] PHP Warning:  Undefined array key "Authorization" in /Applications/MAMP/htdocs/vilkalozhka-api/actions/user/getUserInfo.php on line 21
[14-Nov-2024 13:46:16 UTC] PHP Warning:  Undefined array key "Authorization" in /Applications/MAMP/htdocs/vilkalozhka-api/actions/user/getUserInfo.php on line 21
[14-Nov-2024 13:46:16 UTC] PHP Warning:  Undefined array key "Authorization" in /Applications/MAMP/htdocs/vilkalozhka-api/actions/user/getUserInfo.php on line 21
[14-Nov-2024 13:49:53 UTC] PHP Warning:  Undefined array key "Authorization" in /Applications/MAMP/htdocs/vilkalozhka-api/actions/user/getUserInfo.php on line 21
[14-Nov-2024 13:49:53 UTC] PHP Warning:  Undefined array key "Authorization" in /Applications/MAMP/htdocs/vilkalozhka-api/actions/user/getUserInfo.php on line 21
[14-Nov-2024 14:12:53 UTC] PHP Warning:  Undefined array key "Authorization" in /Applications/MAMP/htdocs/vilkalozhka-api/actions/user/getUserInfo.php on line 21
[14-Nov-2024 14:13:03 UTC] PHP Warning:  Undefined array key "Authorization" in /Applications/MAMP/htdocs/vilkalozhka-api/actions/user/getUserInfo.php on line 21
[14-Nov-2024 14:13:03 UTC] PHP Warning:  Undefined array key "Authorization" in /Applications/MAMP/htdocs/vilkalozhka-api/actions/user/getUserInfo.php on line 21
[14-Nov-2024 14:13:40 UTC] PHP Warning:  Undefined array key "Authorization" in /Applications/MAMP/htdocs/vilkalozhka-api/actions/user/getUserInfo.php on line 21
[14-Nov-2024 14:13:43 UTC] PHP Warning:  Undefined array key "Authorization" in /Applications/MAMP/htdocs/vilkalozhka-api/actions/user/getUserInfo.php on line 21
[14-Nov-2024 14:13:43 UTC] PHP Warning:  Undefined array key "Authorization" in /Applications/MAMP/htdocs/vilkalozhka-api/actions/user/getUserInfo.php on line 21
[14-Nov-2024 14:13:48 UTC] PHP Warning:  Undefined array key "Authorization" in /Applications/MAMP/htdocs/vilkalozhka-api/actions/user/getUserInfo.php on line 21
[14-Nov-2024 14:15:41 UTC] PHP Warning:  Undefined array key "Authorization" in /Applications/MAMP/htdocs/vilkalozhka-api/actions/user/getUserInfo.php on line 21
[14-Nov-2024 14:15:43 UTC] PHP Warning:  Undefined array key "Authorization" in /Applications/MAMP/htdocs/vilkalozhka-api/actions/user/getUserInfo.php on line 21
[14-Nov-2024 14:15:43 UTC] PHP Warning:  Undefined array key "Authorization" in /Applications/MAMP/htdocs/vilkalozhka-api/actions/user/getUserInfo.php on line 21
[14-Nov-2024 14:15:47 UTC] PHP Warning:  Undefined array key "Authorization" in /Applications/MAMP/htdocs/vilkalozhka-api/actions/user/getUserInfo.php on line 21
[14-Nov-2024 14:16:28 UTC] PHP Warning:  Undefined array key "Authorization" in /Applications/MAMP/htdocs/vilkalozhka-api/actions/user/getUserInfo.php on line 21
[14-Nov-2024 14:16:30 UTC] PHP Warning:  Undefined array key "Authorization" in /Applications/MAMP/htdocs/vilkalozhka-api/actions/user/getUserInfo.php on line 21
[14-Nov-2024 14:16:30 UTC] PHP Warning:  Undefined array key "Authorization" in /Applications/MAMP/htdocs/vilkalozhka-api/actions/user/getUserInfo.php on line 21
[14-Nov-2024 14:16:52 UTC] PHP Warning:  Undefined array key "Authorization" in /Applications/MAMP/htdocs/vilkalozhka-api/actions/user/getUserInfo.php on line 21
[14-Nov-2024 14:16:53 UTC] PHP Warning:  Undefined array key "Authorization" in /Applications/MAMP/htdocs/vilkalozhka-api/actions/user/getUserInfo.php on line 21
[14-Nov-2024 14:16:53 UTC] PHP Warning:  Undefined array key "Authorization" in /Applications/MAMP/htdocs/vilkalozhka-api/actions/user/getUserInfo.php on line 21
[14-Nov-2024 14:18:55 UTC] PHP Warning:  Undefined array key "Authorization" in /Applications/MAMP/htdocs/vilkalozhka-api/actions/user/getUserInfo.php on line 21
[14-Nov-2024 14:19:02 UTC] PHP Warning:  Undefined array key "Authorization" in /Applications/MAMP/htdocs/vilkalozhka-api/actions/user/getUserInfo.php on line 21
[14-Nov-2024 14:19:02 UTC] PHP Warning:  Undefined array key "Authorization" in /Applications/MAMP/htdocs/vilkalozhka-api/actions/user/getUserInfo.php on line 21
[14-Nov-2024 14:22:48 UTC] PHP Warning:  Undefined array key "Authorization" in /Applications/MAMP/htdocs/vilkalozhka-api/actions/user/getUserInfo.php on line 21
[14-Nov-2024 14:24:19 UTC] PHP Warning:  Undefined array key "Authorization" in /Applications/MAMP/htdocs/vilkalozhka-api/actions/user/getUserInfo.php on line 21
[14-Nov-2024 14:24:19 UTC] PHP Warning:  Undefined array key "Authorization" in /Applications/MAMP/htdocs/vilkalozhka-api/actions/user/getUserInfo.php on line 21
[14-Nov-2024 14:29:40 UTC] PHP Warning:  Undefined array key "Authorization" in /Applications/MAMP/htdocs/vilkalozhka-api/actions/user/getUserInfo.php on line 21
[14-Nov-2024 14:29:40 UTC] PHP Warning:  Undefined array key "Authorization" in /Applications/MAMP/htdocs/vilkalozhka-api/actions/user/getUserInfo.php on line 21
[14-Nov-2024 14:40:43 UTC] PHP Warning:  Undefined array key "Authorization" in /Applications/MAMP/htdocs/vilkalozhka-api/actions/user/getUserInfo.php on line 21
[14-Nov-2024 14:40:43 UTC] PHP Warning:  Undefined array key "Authorization" in /Applications/MAMP/htdocs/vilkalozhka-api/actions/user/getUserInfo.php on line 21
[14-Nov-2024 14:41:11 UTC] PHP Warning:  Undefined array key "Authorization" in /Applications/MAMP/htdocs/vilkalozhka-api/actions/user/getUserInfo.php on line 21
[14-Nov-2024 14:41:11 UTC] PHP Warning:  Undefined array key "Authorization" in /Applications/MAMP/htdocs/vilkalozhka-api/actions/user/getUserInfo.php on line 21
[14-Nov-2024 14:42:57 UTC] PHP Warning:  Undefined array key "Authorization" in /Applications/MAMP/htdocs/vilkalozhka-api/actions/user/getUserInfo.php on line 21
[14-Nov-2024 14:42:57 UTC] PHP Warning:  Undefined array key "Authorization" in /Applications/MAMP/htdocs/vilkalozhka-api/actions/user/getUserInfo.php on line 21
[14-Nov-2024 15:07:38 UTC] PHP Warning:  Undefined array key "Authorization" in /Applications/MAMP/htdocs/vilkalozhka-api/actions/user/getUserInfo.php on line 21
[14-Nov-2024 15:07:38 UTC] PHP Warning:  Undefined array key "Authorization" in /Applications/MAMP/htdocs/vilkalozhka-api/actions/user/getUserInfo.php on line 21
[14-Nov-2024 15:22:22 UTC] PHP Warning:  Undefined array key "Authorization" in /Applications/MAMP/htdocs/vilkalozhka-api/actions/user/getUserInfo.php on line 21
[14-Nov-2024 15:22:32 UTC] PHP Warning:  Undefined array key "Authorization" in /Applications/MAMP/htdocs/vilkalozhka-api/actions/user/getUserInfo.php on line 21
[14-Nov-2024 15:22:32 UTC] PHP Warning:  Undefined array key "Authorization" in /Applications/MAMP/htdocs/vilkalozhka-api/actions/user/getUserInfo.php on line 21
[14-Nov-2024 15:28:12 UTC] PHP Warning:  Undefined array key "Authorization" in /Applications/MAMP/htdocs/vilkalozhka-api/actions/user/getUserInfo.php on line 21
[14-Nov-2024 15:28:22 UTC] PHP Warning:  Undefined array key "Authorization" in /Applications/MAMP/htdocs/vilkalozhka-api/actions/user/getUserInfo.php on line 21
[14-Nov-2024 15:28:22 UTC] PHP Warning:  Undefined array key "Authorization" in /Applications/MAMP/htdocs/vilkalozhka-api/actions/user/getUserInfo.php on line 21
[14-Nov-2024 15:29:23 UTC] PHP Warning:  Undefined array key "Authorization" in /Applications/MAMP/htdocs/vilkalozhka-api/actions/user/getUserInfo.php on line 21
[14-Nov-2024 15:29:24 UTC] PHP Warning:  Undefined array key "Authorization" in /Applications/MAMP/htdocs/vilkalozhka-api/actions/user/getUserInfo.php on line 21
[14-Nov-2024 15:29:24 UTC] PHP Warning:  Undefined array key "Authorization" in /Applications/MAMP/htdocs/vilkalozhka-api/actions/user/getUserInfo.php on line 21
[14-Nov-2024 15:32:05 UTC] Raw input: {"username":"vilka","password":"1234"}
[14-Nov-2024 15:32:05 UTC] PHP Warning:  Undefined array key "Authorization" in /Applications/MAMP/htdocs/vilkalozhka-api/actions/user/getUserInfo.php on line 21
[14-Nov-2024 15:32:05 UTC] PHP Warning:  Undefined array key "Authorization" in /Applications/MAMP/htdocs/vilkalozhka-api/actions/user/getUserInfo.php on line 21
[14-Nov-2024 15:32:17 UTC] PHP Warning:  Undefined array key "Authorization" in /Applications/MAMP/htdocs/vilkalozhka-api/actions/user/getUserInfo.php on line 21
[14-Nov-2024 15:35:27 UTC] PHP Warning:  Undefined array key "Authorization" in /Applications/MAMP/htdocs/vilkalozhka-api/actions/user/getUserInfo.php on line 21
[14-Nov-2024 15:35:28 UTC] PHP Warning:  Undefined array key "Authorization" in /Applications/MAMP/htdocs/vilkalozhka-api/actions/user/getUserInfo.php on line 21
[14-Nov-2024 15:35:28 UTC] PHP Warning:  Undefined array key "Authorization" in /Applications/MAMP/htdocs/vilkalozhka-api/actions/user/getUserInfo.php on line 21
[14-Nov-2024 16:12:10 UTC] PHP Warning:  Undefined array key "Authorization" in /Applications/MAMP/htdocs/vilkalozhka-api/actions/user/getUserInfo.php on line 28
[14-Nov-2024 16:12:10 UTC] PHP Warning:  Undefined array key "Authorization" in /Applications/MAMP/htdocs/vilkalozhka-api/actions/user/getUserInfo.php on line 28
[14-Nov-2024 19:36:35 UTC] PHP Warning:  Undefined array key "Authorization" in /Applications/MAMP/htdocs/vilkalozhka-api/actions/user/getUserInfo.php on line 28
[14-Nov-2024 19:43:16 UTC] PHP Warning:  Undefined array key "Authorization" in /Applications/MAMP/htdocs/vilkalozhka-api/actions/user/getUserInfo.php on line 28
[14-Nov-2024 19:43:16 UTC] PHP Warning:  Undefined array key "Authorization" in /Applications/MAMP/htdocs/vilkalozhka-api/actions/user/getUserInfo.php on line 28
[14-Nov-2024 20:27:46 UTC] PHP Warning:  Undefined array key "Authorization" in /Applications/MAMP/htdocs/vilkalozhka-api/actions/user/getUserInfo.php on line 21
[14-Nov-2024 20:27:46 UTC] PHP Warning:  Undefined array key "Authorization" in /Applications/MAMP/htdocs/vilkalozhka-api/actions/user/getUserInfo.php on line 21
[14-Nov-2024 20:29:08 UTC] PHP Warning:  Undefined array key "Authorization" in /Applications/MAMP/htdocs/vilkalozhka-api/actions/user/getUserInfo.php on line 21
[15-Nov-2024 00:25:45 UTC] PHP Warning:  Undefined array key "Authorization" in /Applications/MAMP/htdocs/Курсовая/vilkalozhka-api/actions/user/getUserInfo.php on line 28
[15-Nov-2024 00:32:20 UTC] Raw input: {"username":"vilka","password":"1234"}
[15-Nov-2024 00:32:20 UTC] Headers received: Array
(
    [Accept-Language] => ru-RU,ru;q=0.9,en-US;q=0.8,en;q=0.7
    [Accept-Encoding] => gzip, deflate, br, zstd
    [Referer] => http://localhost:5173/
    [Sec-Fetch-Dest] => empty
    [Sec-Fetch-Mode] => cors
    [Sec-Fetch-Site] => same-site
    [Accept] => */*
    [Sec-Ch-Ua-Mobile] => ?0
    [Content-Type] => application/json
    [Sec-Ch-Ua] => "Chromium";v="130", "Google Chrome";v="130", "Not?A_Brand";v="99"
    [User-Agent] => Mozilla/5.0 (Macintosh; Intel Mac OS X 10_15_7) AppleWebKit/537.36 (KHTML, like Gecko) Chrome/130.0.0.0 Safari/537.36
    [Sec-Ch-Ua-Platform] => "macOS"
    [Connection] => keep-alive
    [Host] => localhost:8888
)

[15-Nov-2024 00:32:20 UTC] PHP Warning:  Undefined array key "Authorization" in /Applications/MAMP/htdocs/Курсовая/vilkalozhka-api/actions/user/getUserInfo.php on line 30
[15-Nov-2024 00:32:20 UTC] Headers received: Array
(
    [Accept-Language] => ru-RU,ru;q=0.9,en-US;q=0.8,en;q=0.7
    [Accept-Encoding] => gzip, deflate, br, zstd
    [Referer] => http://localhost:5173/
    [Sec-Fetch-Dest] => empty
    [Sec-Fetch-Mode] => cors
    [Sec-Fetch-Site] => same-site
    [Accept] => */*
    [Sec-Ch-Ua-Mobile] => ?0
    [Content-Type] => application/json
    [Sec-Ch-Ua] => "Chromium";v="130", "Google Chrome";v="130", "Not?A_Brand";v="99"
    [User-Agent] => Mozilla/5.0 (Macintosh; Intel Mac OS X 10_15_7) AppleWebKit/537.36 (KHTML, like Gecko) Chrome/130.0.0.0 Safari/537.36
    [Sec-Ch-Ua-Platform] => "macOS"
    [Connection] => keep-alive
    [Host] => localhost:8888
)

[15-Nov-2024 00:32:20 UTC] PHP Warning:  Undefined array key "Authorization" in /Applications/MAMP/htdocs/Курсовая/vilkalozhka-api/actions/user/getUserInfo.php on line 30
[15-Nov-2024 00:32:34 UTC] Headers received: Array
(
    [Accept-Language] => ru-RU,ru;q=0.9,en-US;q=0.8,en;q=0.7
    [Accept-Encoding] => gzip, deflate, br, zstd
    [Referer] => http://localhost:5173/
    [Sec-Fetch-Dest] => empty
    [Sec-Fetch-Mode] => cors
    [Sec-Fetch-Site] => same-site
    [Accept] => */*
    [Sec-Ch-Ua-Mobile] => ?1
    [Content-Type] => application/json
    [Sec-Ch-Ua] => "Chromium";v="130", "Google Chrome";v="130", "Not?A_Brand";v="99"
    [User-Agent] => Mozilla/5.0 (Linux; Android 6.0; Nexus 5 Build/MRA58N) AppleWebKit/537.36 (KHTML, like Gecko) Chrome/130.0.0.0 Mobile Safari/537.36
    [Sec-Ch-Ua-Platform] => "Android"
    [Connection] => keep-alive
    [Host] => localhost:8888
)

[15-Nov-2024 00:32:34 UTC] PHP Warning:  Undefined array key "Authorization" in /Applications/MAMP/htdocs/Курсовая/vilkalozhka-api/actions/user/getUserInfo.php on line 30
[15-Nov-2024 00:32:34 UTC] Headers received: Array
(
    [Accept-Language] => ru-RU,ru;q=0.9,en-US;q=0.8,en;q=0.7
    [Accept-Encoding] => gzip, deflate, br, zstd
    [Referer] => http://localhost:5173/
    [Sec-Fetch-Dest] => empty
    [Sec-Fetch-Mode] => cors
    [Sec-Fetch-Site] => same-site
    [Accept] => */*
    [Sec-Ch-Ua-Mobile] => ?1
    [Content-Type] => application/json
    [Sec-Ch-Ua] => "Chromium";v="130", "Google Chrome";v="130", "Not?A_Brand";v="99"
    [User-Agent] => Mozilla/5.0 (Linux; Android 6.0; Nexus 5 Build/MRA58N) AppleWebKit/537.36 (KHTML, like Gecko) Chrome/130.0.0.0 Mobile Safari/537.36
    [Sec-Ch-Ua-Platform] => "Android"
    [Connection] => keep-alive
    [Host] => localhost:8888
)

[15-Nov-2024 00:32:34 UTC] PHP Warning:  Undefined array key "Authorization" in /Applications/MAMP/htdocs/Курсовая/vilkalozhka-api/actions/user/getUserInfo.php on line 30
[15-Nov-2024 00:47:14 UTC] Headers received: Array
(
    [Sec-Gpc] => 1
    [Dnt] => 1
    [Accept-Language] => ru-RU,ru;q=0.9,en-US;q=0.8,en;q=0.7
    [Accept-Encoding] => gzip, deflate, br, zstd
    [Referer] => http://localhost:5173/
    [Sec-Fetch-Dest] => empty
    [Sec-Fetch-Mode] => cors
    [Sec-Fetch-Site] => same-site
    [Origin] => http://localhost:5173
    [Accept] => */*
    [Sec-Ch-Ua-Mobile] => ?1
    [Content-Type] => application/json
    [Sec-Ch-Ua] => "Chromium";v="130", "Google Chrome";v="130", "Not?A_Brand";v="99"
    [User-Agent] => Mozilla/5.0 (Linux; Android 6.0; Nexus 5 Build/MRA58N) AppleWebKit/537.36 (KHTML, like Gecko) Chrome/130.0.0.0 Mobile Safari/537.36
    [Sec-Ch-Ua-Platform] => "Android"
    [Connection] => keep-alive
    [Host] => localhost:8888
)

[15-Nov-2024 00:47:14 UTC] Array
(
    [Sec-Gpc] => 1
    [Dnt] => 1
    [Accept-Language] => ru-RU,ru;q=0.9,en-US;q=0.8,en;q=0.7
    [Accept-Encoding] => gzip, deflate, br, zstd
    [Referer] => http://localhost:5173/
    [Sec-Fetch-Dest] => empty
    [Sec-Fetch-Mode] => cors
    [Sec-Fetch-Site] => same-site
    [Origin] => http://localhost:5173
    [Accept] => */*
    [Sec-Ch-Ua-Mobile] => ?1
    [Content-Type] => application/json
    [Sec-Ch-Ua] => "Chromium";v="130", "Google Chrome";v="130", "Not?A_Brand";v="99"
    [User-Agent] => Mozilla/5.0 (Linux; Android 6.0; Nexus 5 Build/MRA58N) AppleWebKit/537.36 (KHTML, like Gecko) Chrome/130.0.0.0 Mobile Safari/537.36
    [Sec-Ch-Ua-Platform] => "Android"
    [Connection] => keep-alive
    [Host] => localhost:8888
)

[15-Nov-2024 00:47:14 UTC] PHP Warning:  Undefined array key "Authorization" in /Applications/MAMP/htdocs/Курсовая/vilkalozhka-api/actions/user/getUserInfo.php on line 33
[15-Nov-2024 00:47:33 UTC] Headers received: Array
(
    [Sec-Gpc] => 1
    [Dnt] => 1
    [Accept-Language] => ru-RU,ru;q=0.9,en-US;q=0.8,en;q=0.7
    [Accept-Encoding] => gzip, deflate, br, zstd
    [Referer] => http://localhost:5173/
    [Sec-Fetch-Dest] => empty
    [Sec-Fetch-Mode] => cors
    [Sec-Fetch-Site] => same-site
    [Origin] => http://localhost:5173
    [Accept] => */*
    [Sec-Ch-Ua-Mobile] => ?1
    [Content-Type] => application/json
    [Sec-Ch-Ua] => "Chromium";v="130", "Google Chrome";v="130", "Not?A_Brand";v="99"
    [User-Agent] => Mozilla/5.0 (Linux; Android 6.0; Nexus 5 Build/MRA58N) AppleWebKit/537.36 (KHTML, like Gecko) Chrome/130.0.0.0 Mobile Safari/537.36
    [Sec-Ch-Ua-Platform] => "Android"
    [Connection] => keep-alive
    [Host] => localhost:8888
)

[15-Nov-2024 00:47:33 UTC] Array
(
    [Sec-Gpc] => 1
    [Dnt] => 1
    [Accept-Language] => ru-RU,ru;q=0.9,en-US;q=0.8,en;q=0.7
    [Accept-Encoding] => gzip, deflate, br, zstd
    [Referer] => http://localhost:5173/
    [Sec-Fetch-Dest] => empty
    [Sec-Fetch-Mode] => cors
    [Sec-Fetch-Site] => same-site
    [Origin] => http://localhost:5173
    [Accept] => */*
    [Sec-Ch-Ua-Mobile] => ?1
    [Content-Type] => application/json
    [Sec-Ch-Ua] => "Chromium";v="130", "Google Chrome";v="130", "Not?A_Brand";v="99"
    [User-Agent] => Mozilla/5.0 (Linux; Android 6.0; Nexus 5 Build/MRA58N) AppleWebKit/537.36 (KHTML, like Gecko) Chrome/130.0.0.0 Mobile Safari/537.36
    [Sec-Ch-Ua-Platform] => "Android"
    [Connection] => keep-alive
    [Host] => localhost:8888
)

[15-Nov-2024 00:47:33 UTC] PHP Warning:  Undefined array key "Authorization" in /Applications/MAMP/htdocs/Курсовая/vilkalozhka-api/actions/user/getUserInfo.php on line 33
[15-Nov-2024 00:47:36 UTC] Headers received: Array
(
    [Sec-Gpc] => 1
    [Dnt] => 1
    [Accept-Language] => ru-RU,ru;q=0.9,en-US;q=0.8,en;q=0.7
    [Accept-Encoding] => gzip, deflate, br, zstd
    [Referer] => http://localhost:5173/
    [Sec-Fetch-Dest] => empty
    [Sec-Fetch-Mode] => cors
    [Sec-Fetch-Site] => same-site
    [Origin] => http://localhost:5173
    [Accept] => */*
    [Sec-Ch-Ua-Mobile] => ?1
    [Content-Type] => application/json
    [Sec-Ch-Ua] => "Chromium";v="130", "Google Chrome";v="130", "Not?A_Brand";v="99"
    [User-Agent] => Mozilla/5.0 (Linux; Android 6.0; Nexus 5 Build/MRA58N) AppleWebKit/537.36 (KHTML, like Gecko) Chrome/130.0.0.0 Mobile Safari/537.36
    [Sec-Ch-Ua-Platform] => "Android"
    [Connection] => keep-alive
    [Host] => localhost:8888
)

[15-Nov-2024 00:47:36 UTC] Array
(
    [Sec-Gpc] => 1
    [Dnt] => 1
    [Accept-Language] => ru-RU,ru;q=0.9,en-US;q=0.8,en;q=0.7
    [Accept-Encoding] => gzip, deflate, br, zstd
    [Referer] => http://localhost:5173/
    [Sec-Fetch-Dest] => empty
    [Sec-Fetch-Mode] => cors
    [Sec-Fetch-Site] => same-site
    [Origin] => http://localhost:5173
    [Accept] => */*
    [Sec-Ch-Ua-Mobile] => ?1
    [Content-Type] => application/json
    [Sec-Ch-Ua] => "Chromium";v="130", "Google Chrome";v="130", "Not?A_Brand";v="99"
    [User-Agent] => Mozilla/5.0 (Linux; Android 6.0; Nexus 5 Build/MRA58N) AppleWebKit/537.36 (KHTML, like Gecko) Chrome/130.0.0.0 Mobile Safari/537.36
    [Sec-Ch-Ua-Platform] => "Android"
    [Connection] => keep-alive
    [Host] => localhost:8888
)

[15-Nov-2024 00:47:36 UTC] PHP Warning:  Undefined array key "Authorization" in /Applications/MAMP/htdocs/Курсовая/vilkalozhka-api/actions/user/getUserInfo.php on line 33
[15-Nov-2024 00:47:36 UTC] Headers received: Array
(
    [Sec-Gpc] => 1
    [Dnt] => 1
    [Accept-Language] => ru-RU,ru;q=0.9,en-US;q=0.8,en;q=0.7
    [Accept-Encoding] => gzip, deflate, br, zstd
    [Referer] => http://localhost:5173/
    [Sec-Fetch-Dest] => empty
    [Sec-Fetch-Mode] => cors
    [Sec-Fetch-Site] => same-site
    [Origin] => http://localhost:5173
    [Accept] => */*
    [Sec-Ch-Ua-Mobile] => ?1
    [Content-Type] => application/json
    [Sec-Ch-Ua] => "Chromium";v="130", "Google Chrome";v="130", "Not?A_Brand";v="99"
    [User-Agent] => Mozilla/5.0 (Linux; Android 6.0; Nexus 5 Build/MRA58N) AppleWebKit/537.36 (KHTML, like Gecko) Chrome/130.0.0.0 Mobile Safari/537.36
    [Sec-Ch-Ua-Platform] => "Android"
    [Connection] => keep-alive
    [Host] => localhost:8888
)

[15-Nov-2024 00:47:36 UTC] Array
(
    [Sec-Gpc] => 1
    [Dnt] => 1
    [Accept-Language] => ru-RU,ru;q=0.9,en-US;q=0.8,en;q=0.7
    [Accept-Encoding] => gzip, deflate, br, zstd
    [Referer] => http://localhost:5173/
    [Sec-Fetch-Dest] => empty
    [Sec-Fetch-Mode] => cors
    [Sec-Fetch-Site] => same-site
    [Origin] => http://localhost:5173
    [Accept] => */*
    [Sec-Ch-Ua-Mobile] => ?1
    [Content-Type] => application/json
    [Sec-Ch-Ua] => "Chromium";v="130", "Google Chrome";v="130", "Not?A_Brand";v="99"
    [User-Agent] => Mozilla/5.0 (Linux; Android 6.0; Nexus 5 Build/MRA58N) AppleWebKit/537.36 (KHTML, like Gecko) Chrome/130.0.0.0 Mobile Safari/537.36
    [Sec-Ch-Ua-Platform] => "Android"
    [Connection] => keep-alive
    [Host] => localhost:8888
)

[15-Nov-2024 00:47:36 UTC] PHP Warning:  Undefined array key "Authorization" in /Applications/MAMP/htdocs/Курсовая/vilkalozhka-api/actions/user/getUserInfo.php on line 33
[15-Nov-2024 00:48:30 UTC] Headers received: Array
(
    [Sec-Gpc] => 1
    [Dnt] => 1
    [Accept-Language] => ru-RU,ru;q=0.9,en-US;q=0.8,en;q=0.7
    [Accept-Encoding] => gzip, deflate, br, zstd
    [Referer] => http://localhost:5173/
    [Sec-Fetch-Dest] => empty
    [Sec-Fetch-Mode] => cors
    [Sec-Fetch-Site] => same-site
    [Origin] => http://localhost:5173
    [Accept] => */*
    [Sec-Ch-Ua-Mobile] => ?1
    [Content-Type] => application/json
    [Sec-Ch-Ua] => "Chromium";v="130", "Google Chrome";v="130", "Not?A_Brand";v="99"
    [User-Agent] => Mozilla/5.0 (Linux; Android 6.0; Nexus 5 Build/MRA58N) AppleWebKit/537.36 (KHTML, like Gecko) Chrome/130.0.0.0 Mobile Safari/537.36
    [Sec-Ch-Ua-Platform] => "Android"
    [Connection] => keep-alive
    [Host] => localhost:8888
)

[15-Nov-2024 00:48:30 UTC] Array
(
    [Sec-Gpc] => 1
    [Dnt] => 1
    [Accept-Language] => ru-RU,ru;q=0.9,en-US;q=0.8,en;q=0.7
    [Accept-Encoding] => gzip, deflate, br, zstd
    [Referer] => http://localhost:5173/
    [Sec-Fetch-Dest] => empty
    [Sec-Fetch-Mode] => cors
    [Sec-Fetch-Site] => same-site
    [Origin] => http://localhost:5173
    [Accept] => */*
    [Sec-Ch-Ua-Mobile] => ?1
    [Content-Type] => application/json
    [Sec-Ch-Ua] => "Chromium";v="130", "Google Chrome";v="130", "Not?A_Brand";v="99"
    [User-Agent] => Mozilla/5.0 (Linux; Android 6.0; Nexus 5 Build/MRA58N) AppleWebKit/537.36 (KHTML, like Gecko) Chrome/130.0.0.0 Mobile Safari/537.36
    [Sec-Ch-Ua-Platform] => "Android"
    [Connection] => keep-alive
    [Host] => localhost:8888
)

[15-Nov-2024 00:48:30 UTC] PHP Warning:  Undefined array key "Authorization" in /Applications/MAMP/htdocs/Курсовая/vilkalozhka-api/actions/user/getUserInfo.php on line 30
[15-Nov-2024 00:48:30 UTC] Headers received: Array
(
    [Sec-Gpc] => 1
    [Dnt] => 1
    [Accept-Language] => ru-RU,ru;q=0.9,en-US;q=0.8,en;q=0.7
    [Accept-Encoding] => gzip, deflate, br, zstd
    [Referer] => http://localhost:5173/
    [Sec-Fetch-Dest] => empty
    [Sec-Fetch-Mode] => cors
    [Sec-Fetch-Site] => same-site
    [Origin] => http://localhost:5173
    [Accept] => */*
    [Sec-Ch-Ua-Mobile] => ?1
    [Content-Type] => application/json
    [Sec-Ch-Ua] => "Chromium";v="130", "Google Chrome";v="130", "Not?A_Brand";v="99"
    [User-Agent] => Mozilla/5.0 (Linux; Android 6.0; Nexus 5 Build/MRA58N) AppleWebKit/537.36 (KHTML, like Gecko) Chrome/130.0.0.0 Mobile Safari/537.36
    [Sec-Ch-Ua-Platform] => "Android"
    [Connection] => keep-alive
    [Host] => localhost:8888
)

[15-Nov-2024 00:48:30 UTC] Array
(
    [Sec-Gpc] => 1
    [Dnt] => 1
    [Accept-Language] => ru-RU,ru;q=0.9,en-US;q=0.8,en;q=0.7
    [Accept-Encoding] => gzip, deflate, br, zstd
    [Referer] => http://localhost:5173/
    [Sec-Fetch-Dest] => empty
    [Sec-Fetch-Mode] => cors
    [Sec-Fetch-Site] => same-site
    [Origin] => http://localhost:5173
    [Accept] => */*
    [Sec-Ch-Ua-Mobile] => ?1
    [Content-Type] => application/json
    [Sec-Ch-Ua] => "Chromium";v="130", "Google Chrome";v="130", "Not?A_Brand";v="99"
    [User-Agent] => Mozilla/5.0 (Linux; Android 6.0; Nexus 5 Build/MRA58N) AppleWebKit/537.36 (KHTML, like Gecko) Chrome/130.0.0.0 Mobile Safari/537.36
    [Sec-Ch-Ua-Platform] => "Android"
    [Connection] => keep-alive
    [Host] => localhost:8888
)

[15-Nov-2024 00:48:30 UTC] PHP Warning:  Undefined array key "Authorization" in /Applications/MAMP/htdocs/Курсовая/vilkalozhka-api/actions/user/getUserInfo.php on line 30
[15-Nov-2024 00:49:00 UTC] Headers received: Array
(
    [Sec-Gpc] => 1
    [Dnt] => 1
    [Accept-Language] => ru-RU,ru;q=0.9,en-US;q=0.8,en;q=0.7
    [Accept-Encoding] => gzip, deflate, br, zstd
    [Referer] => http://localhost:5173/
    [Sec-Fetch-Dest] => empty
    [Sec-Fetch-Mode] => cors
    [Sec-Fetch-Site] => same-site
    [Origin] => http://localhost:5173
    [Accept] => */*
    [Sec-Ch-Ua-Mobile] => ?1
    [Content-Type] => application/json
    [Sec-Ch-Ua] => "Chromium";v="130", "Google Chrome";v="130", "Not?A_Brand";v="99"
    [User-Agent] => Mozilla/5.0 (Linux; Android 6.0; Nexus 5 Build/MRA58N) AppleWebKit/537.36 (KHTML, like Gecko) Chrome/130.0.0.0 Mobile Safari/537.36
    [Sec-Ch-Ua-Platform] => "Android"
    [Connection] => keep-alive
    [Host] => localhost:8888
)

[15-Nov-2024 00:49:00 UTC] Array
(
    [Sec-Gpc] => 1
    [Dnt] => 1
    [Accept-Language] => ru-RU,ru;q=0.9,en-US;q=0.8,en;q=0.7
    [Accept-Encoding] => gzip, deflate, br, zstd
    [Referer] => http://localhost:5173/
    [Sec-Fetch-Dest] => empty
    [Sec-Fetch-Mode] => cors
    [Sec-Fetch-Site] => same-site
    [Origin] => http://localhost:5173
    [Accept] => */*
    [Sec-Ch-Ua-Mobile] => ?1
    [Content-Type] => application/json
    [Sec-Ch-Ua] => "Chromium";v="130", "Google Chrome";v="130", "Not?A_Brand";v="99"
    [User-Agent] => Mozilla/5.0 (Linux; Android 6.0; Nexus 5 Build/MRA58N) AppleWebKit/537.36 (KHTML, like Gecko) Chrome/130.0.0.0 Mobile Safari/537.36
    [Sec-Ch-Ua-Platform] => "Android"
    [Connection] => keep-alive
    [Host] => localhost:8888
)

[15-Nov-2024 00:49:00 UTC] Headers received: Array
(
    [Sec-Gpc] => 1
    [Dnt] => 1
    [Accept-Language] => ru-RU,ru;q=0.9,en-US;q=0.8,en;q=0.7
    [Accept-Encoding] => gzip, deflate, br, zstd
    [Referer] => http://localhost:5173/
    [Sec-Fetch-Dest] => empty
    [Sec-Fetch-Mode] => cors
    [Sec-Fetch-Site] => same-site
    [Origin] => http://localhost:5173
    [Accept] => */*
    [Sec-Ch-Ua-Mobile] => ?1
    [Content-Type] => application/json
    [Sec-Ch-Ua] => "Chromium";v="130", "Google Chrome";v="130", "Not?A_Brand";v="99"
    [User-Agent] => Mozilla/5.0 (Linux; Android 6.0; Nexus 5 Build/MRA58N) AppleWebKit/537.36 (KHTML, like Gecko) Chrome/130.0.0.0 Mobile Safari/537.36
    [Sec-Ch-Ua-Platform] => "Android"
    [Connection] => keep-alive
    [Host] => localhost:8888
)

[15-Nov-2024 00:49:00 UTC] Array
(
    [Sec-Gpc] => 1
    [Dnt] => 1
    [Accept-Language] => ru-RU,ru;q=0.9,en-US;q=0.8,en;q=0.7
    [Accept-Encoding] => gzip, deflate, br, zstd
    [Referer] => http://localhost:5173/
    [Sec-Fetch-Dest] => empty
    [Sec-Fetch-Mode] => cors
    [Sec-Fetch-Site] => same-site
    [Origin] => http://localhost:5173
    [Accept] => */*
    [Sec-Ch-Ua-Mobile] => ?1
    [Content-Type] => application/json
    [Sec-Ch-Ua] => "Chromium";v="130", "Google Chrome";v="130", "Not?A_Brand";v="99"
    [User-Agent] => Mozilla/5.0 (Linux; Android 6.0; Nexus 5 Build/MRA58N) AppleWebKit/537.36 (KHTML, like Gecko) Chrome/130.0.0.0 Mobile Safari/537.36
    [Sec-Ch-Ua-Platform] => "Android"
    [Connection] => keep-alive
    [Host] => localhost:8888
)

[15-Nov-2024 00:50:37 UTC] Headers received: Array
(
    [Sec-Gpc] => 1
    [Dnt] => 1
    [Accept-Language] => ru-RU,ru;q=0.9,en-US;q=0.8,en;q=0.7
    [Accept-Encoding] => gzip, deflate, br, zstd
    [Referer] => http://localhost:5173/
    [Sec-Fetch-Dest] => empty
    [Sec-Fetch-Mode] => cors
    [Sec-Fetch-Site] => same-site
    [Origin] => http://localhost:5173
    [Accept] => */*
    [Sec-Ch-Ua-Mobile] => ?1
    [Content-Type] => application/json
    [Sec-Ch-Ua] => "Chromium";v="130", "Google Chrome";v="130", "Not?A_Brand";v="99"
    [User-Agent] => Mozilla/5.0 (Linux; Android 6.0; Nexus 5 Build/MRA58N) AppleWebKit/537.36 (KHTML, like Gecko) Chrome/130.0.0.0 Mobile Safari/537.36
    [Sec-Ch-Ua-Platform] => "Android"
    [Connection] => keep-alive
    [Host] => localhost:8888
)

[15-Nov-2024 00:50:37 UTC] Array
(
    [Sec-Gpc] => 1
    [Dnt] => 1
    [Accept-Language] => ru-RU,ru;q=0.9,en-US;q=0.8,en;q=0.7
    [Accept-Encoding] => gzip, deflate, br, zstd
    [Referer] => http://localhost:5173/
    [Sec-Fetch-Dest] => empty
    [Sec-Fetch-Mode] => cors
    [Sec-Fetch-Site] => same-site
    [Origin] => http://localhost:5173
    [Accept] => */*
    [Sec-Ch-Ua-Mobile] => ?1
    [Content-Type] => application/json
    [Sec-Ch-Ua] => "Chromium";v="130", "Google Chrome";v="130", "Not?A_Brand";v="99"
    [User-Agent] => Mozilla/5.0 (Linux; Android 6.0; Nexus 5 Build/MRA58N) AppleWebKit/537.36 (KHTML, like Gecko) Chrome/130.0.0.0 Mobile Safari/537.36
    [Sec-Ch-Ua-Platform] => "Android"
    [Connection] => keep-alive
    [Host] => localhost:8888
)

[15-Nov-2024 00:50:37 UTC] Headers received: Array
(
    [Sec-Gpc] => 1
    [Dnt] => 1
    [Accept-Language] => ru-RU,ru;q=0.9,en-US;q=0.8,en;q=0.7
    [Accept-Encoding] => gzip, deflate, br, zstd
    [Referer] => http://localhost:5173/
    [Sec-Fetch-Dest] => empty
    [Sec-Fetch-Mode] => cors
    [Sec-Fetch-Site] => same-site
    [Origin] => http://localhost:5173
    [Accept] => */*
    [Sec-Ch-Ua-Mobile] => ?1
    [Content-Type] => application/json
    [Sec-Ch-Ua] => "Chromium";v="130", "Google Chrome";v="130", "Not?A_Brand";v="99"
    [User-Agent] => Mozilla/5.0 (Linux; Android 6.0; Nexus 5 Build/MRA58N) AppleWebKit/537.36 (KHTML, like Gecko) Chrome/130.0.0.0 Mobile Safari/537.36
    [Sec-Ch-Ua-Platform] => "Android"
    [Connection] => keep-alive
    [Host] => localhost:8888
)

[15-Nov-2024 00:50:37 UTC] Array
(
    [Sec-Gpc] => 1
    [Dnt] => 1
    [Accept-Language] => ru-RU,ru;q=0.9,en-US;q=0.8,en;q=0.7
    [Accept-Encoding] => gzip, deflate, br, zstd
    [Referer] => http://localhost:5173/
    [Sec-Fetch-Dest] => empty
    [Sec-Fetch-Mode] => cors
    [Sec-Fetch-Site] => same-site
    [Origin] => http://localhost:5173
    [Accept] => */*
    [Sec-Ch-Ua-Mobile] => ?1
    [Content-Type] => application/json
    [Sec-Ch-Ua] => "Chromium";v="130", "Google Chrome";v="130", "Not?A_Brand";v="99"
    [User-Agent] => Mozilla/5.0 (Linux; Android 6.0; Nexus 5 Build/MRA58N) AppleWebKit/537.36 (KHTML, like Gecko) Chrome/130.0.0.0 Mobile Safari/537.36
    [Sec-Ch-Ua-Platform] => "Android"
    [Connection] => keep-alive
    [Host] => localhost:8888
)

[15-Nov-2024 00:51:38 UTC] Headers received: Array
(
    [Sec-Gpc] => 1
    [Dnt] => 1
    [Accept-Language] => ru-RU,ru;q=0.9,en-US;q=0.8,en;q=0.7
    [Accept-Encoding] => gzip, deflate, br, zstd
    [Referer] => http://localhost:5173/
    [Sec-Fetch-Dest] => empty
    [Sec-Fetch-Mode] => cors
    [Sec-Fetch-Site] => same-site
    [Origin] => http://localhost:5173
    [Accept] => */*
    [Sec-Ch-Ua-Mobile] => ?1
    [Content-Type] => application/json
    [Sec-Ch-Ua] => "Chromium";v="130", "Google Chrome";v="130", "Not?A_Brand";v="99"
    [User-Agent] => Mozilla/5.0 (Linux; Android 6.0; Nexus 5 Build/MRA58N) AppleWebKit/537.36 (KHTML, like Gecko) Chrome/130.0.0.0 Mobile Safari/537.36
    [Sec-Ch-Ua-Platform] => "Android"
    [Connection] => keep-alive
    [Host] => localhost:8888
)

[15-Nov-2024 00:51:38 UTC] Array
(
    [Sec-Gpc] => 1
    [Dnt] => 1
    [Accept-Language] => ru-RU,ru;q=0.9,en-US;q=0.8,en;q=0.7
    [Accept-Encoding] => gzip, deflate, br, zstd
    [Referer] => http://localhost:5173/
    [Sec-Fetch-Dest] => empty
    [Sec-Fetch-Mode] => cors
    [Sec-Fetch-Site] => same-site
    [Origin] => http://localhost:5173
    [Accept] => */*
    [Sec-Ch-Ua-Mobile] => ?1
    [Content-Type] => application/json
    [Sec-Ch-Ua] => "Chromium";v="130", "Google Chrome";v="130", "Not?A_Brand";v="99"
    [User-Agent] => Mozilla/5.0 (Linux; Android 6.0; Nexus 5 Build/MRA58N) AppleWebKit/537.36 (KHTML, like Gecko) Chrome/130.0.0.0 Mobile Safari/537.36
    [Sec-Ch-Ua-Platform] => "Android"
    [Connection] => keep-alive
    [Host] => localhost:8888
)

[15-Nov-2024 00:51:40 UTC] Headers received: Array
(
    [Sec-Gpc] => 1
    [Dnt] => 1
    [Accept-Language] => ru-RU,ru;q=0.9,en-US;q=0.8,en;q=0.7
    [Accept-Encoding] => gzip, deflate, br, zstd
    [Referer] => http://localhost:5173/
    [Sec-Fetch-Dest] => empty
    [Sec-Fetch-Mode] => cors
    [Sec-Fetch-Site] => same-site
    [Origin] => http://localhost:5173
    [Accept] => */*
    [Sec-Ch-Ua-Mobile] => ?1
    [Content-Type] => application/json
    [Sec-Ch-Ua] => "Chromium";v="130", "Google Chrome";v="130", "Not?A_Brand";v="99"
    [User-Agent] => Mozilla/5.0 (Linux; Android 6.0; Nexus 5 Build/MRA58N) AppleWebKit/537.36 (KHTML, like Gecko) Chrome/130.0.0.0 Mobile Safari/537.36
    [Sec-Ch-Ua-Platform] => "Android"
    [Connection] => keep-alive
    [Host] => localhost:8888
)

[15-Nov-2024 00:51:40 UTC] Array
(
    [Sec-Gpc] => 1
    [Dnt] => 1
    [Accept-Language] => ru-RU,ru;q=0.9,en-US;q=0.8,en;q=0.7
    [Accept-Encoding] => gzip, deflate, br, zstd
    [Referer] => http://localhost:5173/
    [Sec-Fetch-Dest] => empty
    [Sec-Fetch-Mode] => cors
    [Sec-Fetch-Site] => same-site
    [Origin] => http://localhost:5173
    [Accept] => */*
    [Sec-Ch-Ua-Mobile] => ?1
    [Content-Type] => application/json
    [Sec-Ch-Ua] => "Chromium";v="130", "Google Chrome";v="130", "Not?A_Brand";v="99"
    [User-Agent] => Mozilla/5.0 (Linux; Android 6.0; Nexus 5 Build/MRA58N) AppleWebKit/537.36 (KHTML, like Gecko) Chrome/130.0.0.0 Mobile Safari/537.36
    [Sec-Ch-Ua-Platform] => "Android"
    [Connection] => keep-alive
    [Host] => localhost:8888
)

[15-Nov-2024 00:51:40 UTC] Headers received: Array
(
    [Sec-Gpc] => 1
    [Dnt] => 1
    [Accept-Language] => ru-RU,ru;q=0.9,en-US;q=0.8,en;q=0.7
    [Accept-Encoding] => gzip, deflate, br, zstd
    [Referer] => http://localhost:5173/
    [Sec-Fetch-Dest] => empty
    [Sec-Fetch-Mode] => cors
    [Sec-Fetch-Site] => same-site
    [Origin] => http://localhost:5173
    [Accept] => */*
    [Sec-Ch-Ua-Mobile] => ?1
    [Content-Type] => application/json
    [Sec-Ch-Ua] => "Chromium";v="130", "Google Chrome";v="130", "Not?A_Brand";v="99"
    [User-Agent] => Mozilla/5.0 (Linux; Android 6.0; Nexus 5 Build/MRA58N) AppleWebKit/537.36 (KHTML, like Gecko) Chrome/130.0.0.0 Mobile Safari/537.36
    [Sec-Ch-Ua-Platform] => "Android"
    [Connection] => keep-alive
    [Host] => localhost:8888
)

[15-Nov-2024 00:51:40 UTC] Array
(
    [Sec-Gpc] => 1
    [Dnt] => 1
    [Accept-Language] => ru-RU,ru;q=0.9,en-US;q=0.8,en;q=0.7
    [Accept-Encoding] => gzip, deflate, br, zstd
    [Referer] => http://localhost:5173/
    [Sec-Fetch-Dest] => empty
    [Sec-Fetch-Mode] => cors
    [Sec-Fetch-Site] => same-site
    [Origin] => http://localhost:5173
    [Accept] => */*
    [Sec-Ch-Ua-Mobile] => ?1
    [Content-Type] => application/json
    [Sec-Ch-Ua] => "Chromium";v="130", "Google Chrome";v="130", "Not?A_Brand";v="99"
    [User-Agent] => Mozilla/5.0 (Linux; Android 6.0; Nexus 5 Build/MRA58N) AppleWebKit/537.36 (KHTML, like Gecko) Chrome/130.0.0.0 Mobile Safari/537.36
    [Sec-Ch-Ua-Platform] => "Android"
    [Connection] => keep-alive
    [Host] => localhost:8888
)

[15-Nov-2024 00:52:22 UTC] Headers received: Array
(
    [Sec-Gpc] => 1
    [Dnt] => 1
    [Accept-Language] => ru-RU,ru;q=0.9,en-US;q=0.8,en;q=0.7
    [Accept-Encoding] => gzip, deflate, br, zstd
    [Referer] => http://localhost:5173/
    [Sec-Fetch-Dest] => empty
    [Sec-Fetch-Mode] => cors
    [Sec-Fetch-Site] => same-site
    [Origin] => http://localhost:5173
    [Accept] => */*
    [Sec-Ch-Ua-Mobile] => ?1
    [Content-Type] => application/json
    [Sec-Ch-Ua] => "Chromium";v="130", "Google Chrome";v="130", "Not?A_Brand";v="99"
    [User-Agent] => Mozilla/5.0 (Linux; Android 6.0; Nexus 5 Build/MRA58N) AppleWebKit/537.36 (KHTML, like Gecko) Chrome/130.0.0.0 Mobile Safari/537.36
    [Sec-Ch-Ua-Platform] => "Android"
    [Connection] => keep-alive
    [Host] => localhost:8888
)

[15-Nov-2024 00:52:22 UTC] Array
(
    [Sec-Gpc] => 1
    [Dnt] => 1
    [Accept-Language] => ru-RU,ru;q=0.9,en-US;q=0.8,en;q=0.7
    [Accept-Encoding] => gzip, deflate, br, zstd
    [Referer] => http://localhost:5173/
    [Sec-Fetch-Dest] => empty
    [Sec-Fetch-Mode] => cors
    [Sec-Fetch-Site] => same-site
    [Origin] => http://localhost:5173
    [Accept] => */*
    [Sec-Ch-Ua-Mobile] => ?1
    [Content-Type] => application/json
    [Sec-Ch-Ua] => "Chromium";v="130", "Google Chrome";v="130", "Not?A_Brand";v="99"
    [User-Agent] => Mozilla/5.0 (Linux; Android 6.0; Nexus 5 Build/MRA58N) AppleWebKit/537.36 (KHTML, like Gecko) Chrome/130.0.0.0 Mobile Safari/537.36
    [Sec-Ch-Ua-Platform] => "Android"
    [Connection] => keep-alive
    [Host] => localhost:8888
)

[15-Nov-2024 00:52:22 UTC] Headers received: Array
(
    [Sec-Gpc] => 1
    [Dnt] => 1
    [Accept-Language] => ru-RU,ru;q=0.9,en-US;q=0.8,en;q=0.7
    [Accept-Encoding] => gzip, deflate, br, zstd
    [Referer] => http://localhost:5173/
    [Sec-Fetch-Dest] => empty
    [Sec-Fetch-Mode] => cors
    [Sec-Fetch-Site] => same-site
    [Origin] => http://localhost:5173
    [Accept] => */*
    [Sec-Ch-Ua-Mobile] => ?1
    [Content-Type] => application/json
    [Sec-Ch-Ua] => "Chromium";v="130", "Google Chrome";v="130", "Not?A_Brand";v="99"
    [User-Agent] => Mozilla/5.0 (Linux; Android 6.0; Nexus 5 Build/MRA58N) AppleWebKit/537.36 (KHTML, like Gecko) Chrome/130.0.0.0 Mobile Safari/537.36
    [Sec-Ch-Ua-Platform] => "Android"
    [Connection] => keep-alive
    [Host] => localhost:8888
)

[15-Nov-2024 00:52:22 UTC] Array
(
    [Sec-Gpc] => 1
    [Dnt] => 1
    [Accept-Language] => ru-RU,ru;q=0.9,en-US;q=0.8,en;q=0.7
    [Accept-Encoding] => gzip, deflate, br, zstd
    [Referer] => http://localhost:5173/
    [Sec-Fetch-Dest] => empty
    [Sec-Fetch-Mode] => cors
    [Sec-Fetch-Site] => same-site
    [Origin] => http://localhost:5173
    [Accept] => */*
    [Sec-Ch-Ua-Mobile] => ?1
    [Content-Type] => application/json
    [Sec-Ch-Ua] => "Chromium";v="130", "Google Chrome";v="130", "Not?A_Brand";v="99"
    [User-Agent] => Mozilla/5.0 (Linux; Android 6.0; Nexus 5 Build/MRA58N) AppleWebKit/537.36 (KHTML, like Gecko) Chrome/130.0.0.0 Mobile Safari/537.36
    [Sec-Ch-Ua-Platform] => "Android"
    [Connection] => keep-alive
    [Host] => localhost:8888
)

[15-Nov-2024 00:52:52 UTC] Headers received: Array
(
    [Sec-Gpc] => 1
    [Dnt] => 1
    [Accept-Language] => ru-RU,ru;q=0.9,en-US;q=0.8,en;q=0.7
    [Accept-Encoding] => gzip, deflate, br, zstd
    [Referer] => http://localhost:5173/
    [Sec-Fetch-Dest] => empty
    [Sec-Fetch-Mode] => cors
    [Sec-Fetch-Site] => same-site
    [Origin] => http://localhost:5173
    [Accept] => */*
    [Sec-Ch-Ua-Mobile] => ?1
    [Content-Type] => application/json
    [Sec-Ch-Ua] => "Chromium";v="130", "Google Chrome";v="130", "Not?A_Brand";v="99"
    [User-Agent] => Mozilla/5.0 (Linux; Android 6.0; Nexus 5 Build/MRA58N) AppleWebKit/537.36 (KHTML, like Gecko) Chrome/130.0.0.0 Mobile Safari/537.36
    [Sec-Ch-Ua-Platform] => "Android"
    [Connection] => keep-alive
    [Host] => localhost:8888
)

[15-Nov-2024 00:52:52 UTC] Array
(
    [Sec-Gpc] => 1
    [Dnt] => 1
    [Accept-Language] => ru-RU,ru;q=0.9,en-US;q=0.8,en;q=0.7
    [Accept-Encoding] => gzip, deflate, br, zstd
    [Referer] => http://localhost:5173/
    [Sec-Fetch-Dest] => empty
    [Sec-Fetch-Mode] => cors
    [Sec-Fetch-Site] => same-site
    [Origin] => http://localhost:5173
    [Accept] => */*
    [Sec-Ch-Ua-Mobile] => ?1
    [Content-Type] => application/json
    [Sec-Ch-Ua] => "Chromium";v="130", "Google Chrome";v="130", "Not?A_Brand";v="99"
    [User-Agent] => Mozilla/5.0 (Linux; Android 6.0; Nexus 5 Build/MRA58N) AppleWebKit/537.36 (KHTML, like Gecko) Chrome/130.0.0.0 Mobile Safari/537.36
    [Sec-Ch-Ua-Platform] => "Android"
    [Connection] => keep-alive
    [Host] => localhost:8888
)

[15-Nov-2024 00:52:52 UTC] Headers received: Array
(
    [Sec-Gpc] => 1
    [Dnt] => 1
    [Accept-Language] => ru-RU,ru;q=0.9,en-US;q=0.8,en;q=0.7
    [Accept-Encoding] => gzip, deflate, br, zstd
    [Referer] => http://localhost:5173/
    [Sec-Fetch-Dest] => empty
    [Sec-Fetch-Mode] => cors
    [Sec-Fetch-Site] => same-site
    [Origin] => http://localhost:5173
    [Accept] => */*
    [Sec-Ch-Ua-Mobile] => ?1
    [Content-Type] => application/json
    [Sec-Ch-Ua] => "Chromium";v="130", "Google Chrome";v="130", "Not?A_Brand";v="99"
    [User-Agent] => Mozilla/5.0 (Linux; Android 6.0; Nexus 5 Build/MRA58N) AppleWebKit/537.36 (KHTML, like Gecko) Chrome/130.0.0.0 Mobile Safari/537.36
    [Sec-Ch-Ua-Platform] => "Android"
    [Connection] => keep-alive
    [Host] => localhost:8888
)

[15-Nov-2024 00:52:52 UTC] Array
(
    [Sec-Gpc] => 1
    [Dnt] => 1
    [Accept-Language] => ru-RU,ru;q=0.9,en-US;q=0.8,en;q=0.7
    [Accept-Encoding] => gzip, deflate, br, zstd
    [Referer] => http://localhost:5173/
    [Sec-Fetch-Dest] => empty
    [Sec-Fetch-Mode] => cors
    [Sec-Fetch-Site] => same-site
    [Origin] => http://localhost:5173
    [Accept] => */*
    [Sec-Ch-Ua-Mobile] => ?1
    [Content-Type] => application/json
    [Sec-Ch-Ua] => "Chromium";v="130", "Google Chrome";v="130", "Not?A_Brand";v="99"
    [User-Agent] => Mozilla/5.0 (Linux; Android 6.0; Nexus 5 Build/MRA58N) AppleWebKit/537.36 (KHTML, like Gecko) Chrome/130.0.0.0 Mobile Safari/537.36
    [Sec-Ch-Ua-Platform] => "Android"
    [Connection] => keep-alive
    [Host] => localhost:8888
)

[15-Nov-2024 00:53:24 UTC] Headers received: Array
(
    [Sec-Gpc] => 1
    [Dnt] => 1
    [Accept-Language] => ru-RU,ru;q=0.9,en-US;q=0.8,en;q=0.7
    [Accept-Encoding] => gzip, deflate, br, zstd
    [Referer] => http://localhost:5173/
    [Sec-Fetch-Dest] => empty
    [Sec-Fetch-Mode] => cors
    [Sec-Fetch-Site] => same-site
    [Origin] => http://localhost:5173
    [Accept] => */*
    [Sec-Ch-Ua-Mobile] => ?1
    [Content-Type] => application/json
    [Sec-Ch-Ua] => "Chromium";v="130", "Google Chrome";v="130", "Not?A_Brand";v="99"
    [User-Agent] => Mozilla/5.0 (Linux; Android 6.0; Nexus 5 Build/MRA58N) AppleWebKit/537.36 (KHTML, like Gecko) Chrome/130.0.0.0 Mobile Safari/537.36
    [Sec-Ch-Ua-Platform] => "Android"
    [Connection] => keep-alive
    [Host] => localhost:8888
)

[15-Nov-2024 00:53:24 UTC] Headers received: Array
(
    [Sec-Gpc] => 1
    [Dnt] => 1
    [Accept-Language] => ru-RU,ru;q=0.9,en-US;q=0.8,en;q=0.7
    [Accept-Encoding] => gzip, deflate, br, zstd
    [Referer] => http://localhost:5173/
    [Sec-Fetch-Dest] => empty
    [Sec-Fetch-Mode] => cors
    [Sec-Fetch-Site] => same-site
    [Origin] => http://localhost:5173
    [Accept] => */*
    [Sec-Ch-Ua-Mobile] => ?1
    [Content-Type] => application/json
    [Sec-Ch-Ua] => "Chromium";v="130", "Google Chrome";v="130", "Not?A_Brand";v="99"
    [User-Agent] => Mozilla/5.0 (Linux; Android 6.0; Nexus 5 Build/MRA58N) AppleWebKit/537.36 (KHTML, like Gecko) Chrome/130.0.0.0 Mobile Safari/537.36
    [Sec-Ch-Ua-Platform] => "Android"
    [Connection] => keep-alive
    [Host] => localhost:8888
)

[15-Nov-2024 01:06:09 UTC] Headers received: Array
(
    [Sec-Gpc] => 1
    [Dnt] => 1
    [Accept-Language] => ru-RU,ru;q=0.9,en-US;q=0.8,en;q=0.7
    [Accept-Encoding] => gzip, deflate, br, zstd
    [Referer] => http://localhost:5173/
    [Sec-Fetch-Dest] => empty
    [Sec-Fetch-Mode] => cors
    [Sec-Fetch-Site] => same-site
    [Origin] => http://localhost:5173
    [Accept] => */*
    [Sec-Ch-Ua-Mobile] => ?1
    [Content-Type] => application/json
    [Sec-Ch-Ua] => "Chromium";v="130", "Google Chrome";v="130", "Not?A_Brand";v="99"
    [User-Agent] => Mozilla/5.0 (Linux; Android 6.0; Nexus 5 Build/MRA58N) AppleWebKit/537.36 (KHTML, like Gecko) Chrome/130.0.0.0 Mobile Safari/537.36
    [Sec-Ch-Ua-Platform] => "Android"
    [Connection] => keep-alive
    [Host] => localhost:8888
)

[15-Nov-2024 01:06:09 UTC] Headers received: Array
(
    [Sec-Gpc] => 1
    [Dnt] => 1
    [Accept-Language] => ru-RU,ru;q=0.9,en-US;q=0.8,en;q=0.7
    [Accept-Encoding] => gzip, deflate, br, zstd
    [Referer] => http://localhost:5173/
    [Sec-Fetch-Dest] => empty
    [Sec-Fetch-Mode] => cors
    [Sec-Fetch-Site] => same-site
    [Origin] => http://localhost:5173
    [Accept] => */*
    [Sec-Ch-Ua-Mobile] => ?1
    [Content-Type] => application/json
    [Sec-Ch-Ua] => "Chromium";v="130", "Google Chrome";v="130", "Not?A_Brand";v="99"
    [User-Agent] => Mozilla/5.0 (Linux; Android 6.0; Nexus 5 Build/MRA58N) AppleWebKit/537.36 (KHTML, like Gecko) Chrome/130.0.0.0 Mobile Safari/537.36
    [Sec-Ch-Ua-Platform] => "Android"
    [Connection] => keep-alive
    [Host] => localhost:8888
)

[15-Nov-2024 01:08:18 UTC] Headers received: Array
(
    [Sec-Gpc] => 1
    [Dnt] => 1
    [Accept-Language] => ru-RU,ru;q=0.9,en-US;q=0.8,en;q=0.7
    [Accept-Encoding] => gzip, deflate, br, zstd
    [Referer] => http://localhost:5173/
    [Sec-Fetch-Dest] => empty
    [Sec-Fetch-Mode] => cors
    [Sec-Fetch-Site] => same-site
    [Origin] => http://localhost:5173
    [Accept] => */*
    [Sec-Ch-Ua-Mobile] => ?1
    [Content-Type] => application/json
    [Sec-Ch-Ua] => "Chromium";v="130", "Google Chrome";v="130", "Not?A_Brand";v="99"
    [User-Agent] => Mozilla/5.0 (Linux; Android 6.0; Nexus 5 Build/MRA58N) AppleWebKit/537.36 (KHTML, like Gecko) Chrome/130.0.0.0 Mobile Safari/537.36
    [Sec-Ch-Ua-Platform] => "Android"
    [Connection] => keep-alive
    [Host] => localhost:8888
)

[15-Nov-2024 01:08:18 UTC] Headers received: Array
(
    [Sec-Gpc] => 1
    [Dnt] => 1
    [Accept-Language] => ru-RU,ru;q=0.9,en-US;q=0.8,en;q=0.7
    [Accept-Encoding] => gzip, deflate, br, zstd
    [Referer] => http://localhost:5173/
    [Sec-Fetch-Dest] => empty
    [Sec-Fetch-Mode] => cors
    [Sec-Fetch-Site] => same-site
    [Origin] => http://localhost:5173
    [Accept] => */*
    [Sec-Ch-Ua-Mobile] => ?1
    [Content-Type] => application/json
    [Sec-Ch-Ua] => "Chromium";v="130", "Google Chrome";v="130", "Not?A_Brand";v="99"
    [User-Agent] => Mozilla/5.0 (Linux; Android 6.0; Nexus 5 Build/MRA58N) AppleWebKit/537.36 (KHTML, like Gecko) Chrome/130.0.0.0 Mobile Safari/537.36
    [Sec-Ch-Ua-Platform] => "Android"
    [Connection] => keep-alive
    [Host] => localhost:8888
)

[15-Nov-2024 16:26:20 Europe/Moscow] Raw input: 
[15-Nov-2024 16:26:20 Europe/Moscow] Raw input: 
[15-Nov-2024 16:26:43 Europe/Moscow] Raw input: 
[15-Nov-2024 16:29:42 Europe/Moscow] Raw input: {"username":"admin@mail.ru","password":"123123123"}
[15-Nov-2024 16:36:28 Europe/Moscow] Raw input: 
[15-Nov-2024 16:36:54 Europe/Moscow] Raw input: 
[15-Nov-2024 16:38:23 Europe/Moscow] Raw input: 
[15-Nov-2024 16:38:23 Europe/Moscow] Raw input: 
[15-Nov-2024 16:38:24 Europe/Moscow] Raw input: 
[15-Nov-2024 16:38:26 Europe/Moscow] Raw input: {"username":"admin@mail.ru","password":"123123123"}
